Removed Parameter Datasheet:https://www.st.com/resource/en/datasheet/stm32f030f4.pdf from Part U?
Removed Parameter Datasheet:https://www.st.com/resource/en/datasheet/stm32f030f4.pdf from Part U?
Removed Parameter Mfr_Name:STMicroelectronics from Part U?
Removed Parameter Mfr_Name:STMicroelectronics from Part U?
Removed Parameter Note:CortexM0 from Part U?
Removed Parameter Note:CortexM0 from Part U?
Removed Parameter Note:CortexM0 from Part U?
Removed Parameter Note:CortexM0 from Part U?
Removed Parameter Note:CortexM0 from Part U?
Removed Parameter Note:CortexM3 from Part U?
Removed Parameter Note:CortexM3 from Part U?
Removed Parameter Note:CortexM4F from Part U?
Removed Parameter Note:CortexM4F from Part U?
Removed Parameter Note:CortexM4F from Part U?
Removed Parameter Note:CortexM4F from Part U?
Removed Parameter Note:CortexM4F from Part U?
Removed Parameter Note:CortexM4F from Part U?
Removed Parameter Note:CortexM4F from Part U?
Removed Parameter Note:CortexM4F from Part U?
Removed Parameter Note:CortexM4 from Part U?
Removed Parameter Note:* from Part U?
Removed Parameter Note:* from Part U?
Removed Parameter Note:* from Part U?
Removed Parameter Note:* from Part U?
Removed Parameter Note:* from Part U?
Removed Parameter RefDes:RefDes from Part U?
Removed Parameter Specification:16K Flash,2K SRAM from Part U?
Removed Parameter Specification:16K Flash,4K SRAM from Part U?
Removed Parameter Specification:* from Part U?
Removed Parameter Specification:* from Part U?
Removed Parameter Specification:* from Part U?
Removed Parameter Specification:* from Part U?
Removed Parameter Specification:* from Part U?
Removed Parameter Specification:* from Part U?
Removed Parameter Specification:* from Part U?
Removed Parameter Specification:* from Part U?
Removed Parameter Specification:* from Part U?
Removed Parameter Specification:* from Part U?
Removed Parameter Specification:* from Part U?
Removed Parameter Specification:* from Part U?
Removed Parameter Specification:* from Part U?
Removed Parameter Specification:* from Part U?
Removed Parameter Specification:* from Part U?
Removed Parameter Specification:* from Part U?
Removed Parameter Specification:* from Part U?
Removed Parameter Specification:* from Part U?
Removed Parameter Specification:* from Part U?
Removed Parameter Type:* from Part U?
Removed Parameter Type:* from Part U?
Removed Parameter Type:* from Part U?
Removed Parameter Type:* from Part U?
Removed Parameter Type:* from Part U?
Removed Parameter Type:* from Part U?
Removed Parameter Type:* from Part U?
Removed Parameter Type:* from Part U?
Removed Parameter Type:* from Part U?
Removed Parameter Type:* from Part U?
Removed Parameter Type:* from Part U?
Removed Parameter Type:* from Part U?
Removed Parameter Type:LQFP48 P0.5 from Part U?
Removed Parameter Type:QFN32 P0.4 from Part U?
Removed Parameter Type:QFN36 P0.5 from Part U?
Removed Parameter Type:QFN48 P0.4 from Part U?
Removed Parameter Type:QFN48 P0.4 from Part U?
Removed Parameter Type:QFN48 P0.4 from Part U?
Removed Parameter Type:QFN48 P0.5 from Part U?
Removed Parameter Type:TSSOP20 from Part U?
Removed Parameter Type:TSSOP20 from Part U?
Removed Parameter Type:Type from Part U?
Removed Parameter Value:32MHz from Part U?
Removed Parameter Value:32MHz from Part U?
Removed Parameter Value:48MHz from Part U?
Removed Parameter Value:64MHz from Part U?
Removed Parameter Value:64MHz from Part U?
Removed Parameter Value:64MHz from Part U?
Removed Parameter Value:100MHz from Part U?
Removed Parameter Value:* from Part U?
Removed Parameter Value:* from Part U?
Removed Parameter Value:* from Part U?
Removed Parameter Value:* from Part U?
Removed Parameter Value:* from Part U?
Removed Parameter Value:* from Part U?
Removed Parameter Value:* from Part U?
Removed Parameter Value:* from Part U?
Removed Parameter Value:* from Part U?
Removed Parameter Value:* from Part U?
Removed Parameter Value:* from Part U?
Removed Parameter Value:* from Part U?
Removed Parameter Value:* from Part U?
Removed Parameter Value:* from Part U?
Change Value of Parameter Manufacturer in Part U? Old= New=Mfr?
Change Value of Parameter Manufacturer in Part U? Old= New=Mfr?
Change Value of Parameter Manufacturer in Part U? Old= New=Mfr?
Change Value of Parameter Manufacturer in Part U? Old= New=Mfr?
Change Value of Parameter PartNumber in Part U? Old=STM32F303VET6 New=STM32F303VET6A
Change Value of Parameter PartNumber in Part U? Old=STM32H743VIT6 New=STM32H743VIT6A
Change Value of Parameter MFR in Part U? Old=Manufacturer New=MFR
Change Value of Parameter MFR in Part U? Old=Manufacturer New=MFR
Change Value of Parameter MFR in Part U? Old=Manufacturer New=MFR
Change Value of Parameter MFR in Part U? Old=Manufacturer New=MFR
Change Value of Parameter Manufacturer in Part U? Old=Manufacturer New=MFR
Change Value of Parameter Manufacturer in Part U? Old=Manufacturer New=MFR
Change Value of Parameter Manufacturer in Part U? Old=Manufacturer New=MFR
Change Value of Parameter Manufacturer in Part U? Old=Manufacturer New=MFR
Change Value of Parameter Manufacturer in Part U? Old=Manufacturer New=MFR
Change Value of Parameter Manufacturer in Part U? Old=Manufacturer New=MFR
Change Value of Parameter Manufacturer in Part U? Old=Manufacturer New=MFR
Change Value of Parameter Manufacturer in Part U? Old=Manufacturer New=MFR
Change Value of Parameter Manufacturer in Part U? Old=Manufacturer New=MFR
Change Value of Parameter Manufacturer in Part U? Old=Manufacturer New=MFR
Change Value of Parameter Manufacturer in Part U? Old=Manufacturer New=MFR
Change Value of Parameter Manufacturer in Part U? Old=Manufacturer New=MFR
Change Value of Parameter Manufacturer in Part U? Old=Manufacturer New=MFR
Change Value of Parameter Package in Part U? Old=PackageReference New=Package
Change Value of Parameter Manufacturer in Part U? Old=Manufacturer New=MFR
Change Value of Parameter Manufacturer in Part U? Old=Manufacturer New=MFR
Change Value of Parameter Manufacturer in Part U? Old=Manufacturer New=MFR
Change Value of Parameter Package in Part U? Old=PackageReference New=Package
Change Value of Parameter Manufacturer in Part U? Old=Manufacturer New=MFR
Added Parameter MFR=STMicroelectronics to Part U?
Added Parameter MFR=STMicroelectronics to Part U?
Added Parameter Package=LQFP48 P0.5 to Part U?
Added Parameter Package=Pkg? to Part U?
Added Parameter Package=Pkg? to Part U?
Added Parameter Package=Pkg? to Part U?
Added Parameter Package=Pkg? to Part U?
Added Parameter Package=Pkg? to Part U?
Added Parameter Package=Pkg? to Part U?
Added Parameter Package=Pkg? to Part U?
Added Parameter Package=Pkg? to Part U?
Added Parameter Package=Pkg? to Part U?
Added Parameter Package=Pkg? to Part U?
Added Parameter Package=Pkg? to Part U?
Added Parameter Package=Pkg? to Part U?
Added Parameter Package=QFN32 P0.4 to Part U?
Added Parameter Package=QFN36 P0.5 to Part U?
Added Parameter Package=QFN48 P0.4 to Part U?
Added Parameter Package=QFN48 P0.4 to Part U?
Added Parameter Package=QFN48 P0.4 to Part U?
Added Parameter Package=QFN48 P0.5 to Part U?
Added Parameter Package=TSSOP20 to Part U?
Added Parameter Package=TSSOP20 to Part U?
Added Parameter PartNumber=ATmega32U4A to Part U?
Added Parameter PartNumber=ATmega328A to Part U?
Added Parameter PartNumber=K20xFMA to Part U?
Added Parameter PartNumber=LPC11U_H33A to Part U?
Added Parameter PartNumber=nRF51_QFN48A to Part U?
Added Parameter PartNumber=nRF52_AQFN73A to Part U?
Added Parameter PartNumber=nRF52_QFN32A to Part U?
Added Parameter PartNumber=nRF52_QFN48A to Part U?
Added Parameter PartNumber=nRF52_WLCSP50A to Part U?
Added Parameter PartNumber=STM32F03xFA to Part U?
Added Parameter PartNumber=STM32F4x1CA to Part U?
Added Parameter PartNumber=STM32F04xGA to Part U?
Added Parameter PartNumber=STM32F103CA to Part U?
Added Parameter PartNumber=STM32F103TA to Part U?
Added Parameter PartNumber=STM32F302KA to Part U?
Added Parameter PartNumber=STM32F303CA to Part U?
Added Parameter PartNumber=STM32F303RA to Part U?
Added Parameter PartNumber=STM32F405RA to Part U?
Added Parameter PartNumber=STM32F412R/446RA to Part U?
Added Parameter PartNumber=STM32F439ZA to Part U?
Added Parameter PartNumber=STM32L011FA to Part U?
