Removed Parameter Datasheet:https://www.ti.com/lit/ds/symlink/txs0102.pdf?&ts=1589954619766 from Part U?
Removed Parameter Manufacturer:Texas Instruments from Part U?
Removed Parameter MfrName:Mfr? from Part U?
Removed Parameter Note:* from Part U?
Removed Parameter RefDes:RefDes from Part U?
Removed Parameter RefDes:RefDes from Part U?
Removed Parameter RefDes:RefDes from Part U?
Removed Parameter RefDes:RefDes from Part OC?
Removed Parameter Specification:* from Part U?
Removed Parameter Type:* from Part U?
Removed Parameter Type:* from Part U?
Removed Parameter Type:* from Part U?
Removed Parameter Type:* from Part U?
Removed Parameter Type:* from Part U?
Removed Parameter Type:* from Part U?
Removed Parameter Type:* from Part U?
Removed Parameter Type:* from Part U?
Removed Parameter Type:* from Part U?
Removed Parameter Type:* from Part U?
Removed Parameter Type:* from Part U?
Removed Parameter Type:QFN48 P0.4 from Part U?
Removed Parameter Type:SON8 from Part U?
Removed Parameter Type:SOT363-6 from Part U?
Removed Parameter Type:TSSOP16 P0.65 from Part U?
Removed Parameter Type:Type from Part U?
Removed Parameter TYPE:TYPE from Part U?
Removed Parameter Type:Type from Part U?
Removed Parameter Type:Type from Part OC?
Removed Parameter Value:2-Bit from Part U?
Removed Parameter Value: from Part U?
Added Parameter Mfr_Name= to Part U?
Added Parameter Mfr_Name= to Part U?
Added Parameter Mfr_Name= to Part U?
Added Parameter Mfr_Name= to Part U?
Added Parameter Mfr_Name= to Part U?
Added Parameter Mfr_Name= to Part U?
Added Parameter Mfr_Name= to Part U?
Added Parameter Mfr_Name= to Part U?
Added Parameter Mfr_Name= to Part U?
Added Parameter Mfr_Name= to Part U?
Added Parameter Mfr_Name= to Part U?
Added Parameter Mfr_Name= to Part U?
Added Parameter Mfr_Name= to Part U?
Added Parameter Mfr_Name= to Part U?
Added Parameter Mfr_Name= to Part U?
Added Parameter Mfr_Name= to Part U?
Added Parameter Mfr_Name= to Library 
Added Parameter Mfr_Name= to Part U?
Added Parameter Mfr_Name= to Part U?
Added Parameter Mfr_Name= to Part U?
Added Parameter Mfr_Name= to Part U?
Added Parameter Mfr_Name= to Part U?
Added Parameter PackageReference=QFN48 P0.4 to Part U?
Added Parameter PackageReference=SON8 to Part U?
Added Parameter PackageReference=SOT363-6 to Part U?
Added Parameter PackageReference= to Part U?
Added Parameter PackageReference= to Part U?
Added Parameter PackageReference= to Part U?
Added Parameter PackageReference= to Part U?
Added Parameter PackageReference= to Part U?
Added Parameter PackageReference= to Part U?
Added Parameter PackageReference= to Part U?
Added Parameter PackageReference= to Part U?
Added Parameter PackageReference= to Part U?
Added Parameter PackageReference= to Part U?
Added Parameter PackageReference= to Part U?
Added Parameter PackageReference= to Part U?
Added Parameter PackageReference= to Part U?
Added Parameter PackageReference= to Library 
Added Parameter PackageReference= to Part U?
Added Parameter PackageReference= to Part U?
Added Parameter PackageReference= to Part U?
Added Parameter PackageReference=TSSOP-16 P0.65 to Part U?
Added Parameter PartNumber=PN? to Part U?
Added Parameter PartNumber=PN? to Part U?
Added Parameter PartNumber=PN? to Part U?
Added Parameter PartNumber=PN? to Part U?
Added Parameter PartNumber=PN? to Part U?
Added Parameter PartNumber=PN? to Part U?
Added Parameter PartNumber=PN? to Part U?
Added Parameter PartNumber=PN? to Part U?
Added Parameter PartNumber=PN? to Part U?
Added Parameter PartNumber=PN? to Part U?
Added Parameter PartNumber=PN? to Part U?
Added Parameter PartNumber=PN? to Part U?
Added Parameter PartNumber=PN? to Part U?
Added Parameter PartNumber=PN? to Part U?
Added Parameter PartNumber=PN? to Part U?
Added Parameter PartNumber=PN? to Library 
Added Parameter PartNumber=PN? to Part U?
Added Parameter PartNumber=PN? to Part U?
Added Parameter PartNumber=PN? to Part U?
Added Parameter PartNumber=PN? to Part U?
Added Parameter PartNumber=PN? to Part U?
