Removed Parameter RefDes:RefDes from Part U?
Removed Parameter RefDes:RefDes from Part U?
Removed Parameter RefDes:RefDes from Part U?
Removed Parameter RefDes:RefDes from Part OC?
Removed Parameter Specification:* from Part U?
Added Parameter PackageReference=QFN48 P0.4 to Part U?
Added Parameter PackageReference=SON8 to Part U?
Added Parameter PackageReference=SOT363-6 to Part U?
Added Parameter PackageReference=TSSOP16 P0.65 to Part U?
Added Parameter PartNumber=74HC2G04 to Part U?
Added Parameter PartNumber=74HC138 to Part U?
Added Parameter PartNumber=74HC157 to Part U?
Added Parameter PartNumber=74HC164 to Part U?
Added Parameter PartNumber=74HC245 to Part U?
Added Parameter PartNumber=74HC595 to Part U?
Added Parameter PartNumber=AD5270 to Part U?
Added Parameter PartNumber=AD5292 to Part U?
Added Parameter PartNumber=DAC8311 to Part U?
Added Parameter PartNumber=DS24B33 to Part U?
Added Parameter PartNumber=DS2480B to Part U?
Added Parameter PartNumber=DW1000 to Part U?
Added Parameter PartNumber=FT232R to Part U?
Added Parameter PartNumber=IS42S16400 to Part U?
Added Parameter PartNumber=OPA188 to Part U?
Added Parameter PartNumber=SN74CB3Q3257 to Part U?
Added Parameter PartNumber=TXB0108 to Part U?
Added Parameter PartNumber=TXS0102 to Part U?
Added Parameter PartNumber=W25Q_8 to Part U?
Added Parameter PartNumber=XPT2046 to Part U?
