Removed Parameter Manufacturer:* from Part U?
Removed Parameter Manufacturer:* from Part U?
Removed Parameter Manufacturer:* from Part U?
Removed Parameter Note:* from Part U?
Removed Parameter Note:* from Part U?
Removed Parameter Package:SIP3 from Part U?
Removed Parameter Package:SIP8 from Part SMPS?
Removed Parameter PackageReference:DIP from Part SMPS?
Removed Parameter PackageReference:DIP from Part SMPS?
Removed Parameter PackageReference:DIP from Part SMPS?
Removed Parameter PackageReference:SOT23-5(DBV0005A) from Part U?
Removed Parameter PackageReference:SOT23-5 from Part U?
Removed Parameter PackageReference:SOT-23 from Part U?
Removed Parameter PackageReference:SOT-23 from Part U?
Removed Parameter PackageReference:SOT-223-3 from Part U?
Removed Parameter Specification:* from Part U?
Removed Parameter Specification:* from Part U?
Removed Parameter Value/ох:URB_LD-20WR3 from Part SMPS?
Removed Parameter Value:1.8v from Part U?
Removed Parameter Value:3V3 from Part U?
Removed Parameter Value:3V3 from Part U?
Removed Parameter Value:5V from Part U?
Removed Parameter Value: from Part U?
Removed Parameter Value:* from Part U?
Removed Parameter Value:* from Part U?
Removed Parameter Value:* from Part U?
Removed Parameter Value:* from Part U?
Change Value of Parameter MFR in Part U? Old=Mfr_Name New=MFR
Change Value of Parameter MFR in Part U? Old=Mfr_Name New=MFR
Change Value of Parameter Type in Part U? Old=Type New=Package
Change Value of Parameter Package in Part U? Old=Type New=Package
Change Value of Parameter Package in Part U? Old=Type New=Package
Change Value of Parameter MFR in Part U? Old=Mfr_Name New=MFR
Change Value of Parameter Package in Part U? Old=Type New=Package
Change Value of Parameter Package in Part U? Old=Type New=Package
Change Value of Parameter Package in Part U? Old=Type New=Package
Change Value of Parameter Package in Part U? Old=Type New=Package
Change Value of Parameter MFR in Part U? Old=Mfr_Name New=MFR
Change Value of Parameter MFR in Part U? Old=Mfr_Name New=MFR
Change Value of Parameter Package in Part U? Old=Type New=Package
Change Value of Parameter Package in Part U? Old=Type New=Package
Change Value of Parameter Package in Part U? Old=Type New=Package
Change Value of Parameter Package in Part U? Old=Type New=Package
Change Value of Parameter Package in Part U? Old=Type New=Package
Change Value of Parameter Package in Part U? Old=Type New=Package
Change Value of Parameter Package in Part U? Old=Type New=Package
Change Value of Parameter MFR in Part U? Old=Mfr_Name New=MFR
Change Value of Parameter Package in Part U? Old=Type New=Package
Change Value of Parameter Package in Part U? Old=Type New=Package
Change Value of Parameter MFR in Part SMPS? Old=Mfr_Name New=MFR
Change Value of Parameter MFR in Part SMPS? Old=Mfr_Name New=MFR
Change Value of Parameter MFR in Part SMPS? Old=Mfr_Name New=MFR
Change Value of Parameter MFR in Part SMPS? Old=Mfr_Name New=MFR
Change Value of Parameter Package in Part U? Old=Type New=Package
Change Value of Parameter Package in Part U? Old=Type New=Package
Change Value of Parameter Package in Part U? Old=Type New=Package
Added Parameter MFR= to Part U?
Added Parameter MFR= to Part U?
Added Parameter MFR= to Part U?
Added Parameter MFR= to Part U?
Added Parameter MFR= to Part U?
Added Parameter MFR= to Part U?
Added Parameter MFR= to Part U?
Added Parameter MFR= to Part U?
Added Parameter MFR= to Part U?
Added Parameter MFR= to Part U?
Added Parameter MFR= to Part U?
Added Parameter MFR= to Part U?
Added Parameter MFR= to Part U?
Added Parameter MFR= to Part U?
Added Parameter MFR= to Part U?
Added Parameter MFR= to Part U?
Added Parameter MFR= to Part U?
Added Parameter MFR= to Part U?
Added Parameter MFR= to Part U?
Added Parameter MFR= to Part SMPS?
Added Parameter MFR= to Part U?
Added Parameter MFR= to Part U?
Added Parameter MFR= to Part U?
Added Parameter Package=DIP to Part SMPS?
Added Parameter Package=DIP to Part SMPS?
Added Parameter Package=DIP to Part SMPS?
Added Parameter Package=DIP to Part SMPS?
Added Parameter Package=SIP3 to Part U?
Added Parameter Package=SIP8 to Part SMPS?
Added Parameter Package=SOT23-5(DBV0005A) to Part U?
Added Parameter Package=SOT23-5 to Part U?
Added Parameter Package=SOT-23 to Part U?
Added Parameter Package=SOT-23 to Part U?
Added Parameter Package=SOT-223-3 to Part U?
Added Parameter Package= to Part U?
Added Parameter Package= to Part U?
Added Parameter Package= to Part U?
Added Parameter PartNumber=BQ24075 to Part U?
Added Parameter PartNumber=DRV8833 to Part U?
Added Parameter PartNumber=IR2301 to Part U?
Added Parameter PartNumber=LDO1117 to Part U?
Added Parameter PartNumber=LM1084 to Part U?
Added Parameter PartNumber=LTC3200 to Part U?
Added Parameter PartNumber=LTC3426 to Part U?
Added Parameter PartNumber=LTC4054 to Part U?
Added Parameter PartNumber=MAX7219/21 to Part U?
Added Parameter PartNumber=MP3302 to Part U?
Added Parameter PartNumber=RT9193 to Part U?
Added Parameter PartNumber=SP6205 to Part U?
Added Parameter PartNumber=TLC5947 to Part U?
Added Parameter PartNumber=TLC5951 to Part U?
Added Parameter PartNumber=TLV1117 to Part U?
Added Parameter PartNumber=TPS28225 to Part U?
Added Parameter PartNumber=TPS61322xx to Part U?
Added Parameter PartNumber=TXB0108 to Part U?
Added Parameter PartNumber=ULN2003 to Part U?
Added Parameter PartNumber=URB_LD-20WR3 to Part SMPS?
Added Parameter PartNumber=XC6220_USP to Part U?
Added Parameter PartNumber=XC6220 to Part U?
Added Parameter PartNumber=XCL222 to Part U?
