Removed Parameter Manufacturer:* from Part U?
Removed Parameter Manufacturer:* from Part U?
Removed Parameter Manufacturer:* from Part U?
Removed Parameter Note:* from Part U?
Removed Parameter Note:* from Part U?
Removed Parameter Specification:* from Part U?
Removed Parameter Specification:* from Part U?
Removed Parameter Type:* from Part U?
Removed Parameter Type:* from Part U?
Removed Parameter Type:* from Part U?
Removed Parameter Type:* from Part U?
Removed Parameter Type:* from Part U?
Removed Parameter Type:* from Part U?
Removed Parameter Type:* from Part U?
Removed Parameter Type:* from Part U?
Removed Parameter Type:* from Part U?
Removed Parameter Type:* from Part U?
Removed Parameter Type:QFN16 P0.5 from Part U?
Removed Parameter Type:SMD8_P0.55 from Part U?
Removed Parameter Type:SOT23-5 from Part U?
Removed Parameter Type:SOT23-5 from Part U?
Removed Parameter Type:SOT23-5 from Part U?
Removed Parameter Type:SOT23-5 from Part U?
Removed Parameter Type:SOT23-6 from Part U?
Removed Parameter Type:SOT23-6 from Part U?
Removed Parameter Type:SOT223-3 from Part U?
Removed Parameter Value/ох:URB_LD-20WR3 from Library 
Removed Parameter Value:1.8v from Part U?
Removed Parameter Value:3V3 from Part U?
Removed Parameter Value:3V3 from Part U?
Removed Parameter Value:5V from Part U?
Removed Parameter Value: from Part U?
Removed Parameter Value:* from Part U?
Removed Parameter Value:* from Part U?
Removed Parameter Value:* from Part U?
Removed Parameter Value:* from Part U?
Added Parameter PackageReference=QFN16 P0.5 to Part U?
Added Parameter PackageReference=SMD8_P0.55 to Part U?
Added Parameter PackageReference=SOT23-5 to Part U?
Added Parameter PackageReference=SOT23-5 to Part U?
Added Parameter PackageReference=SOT23-5 to Part U?
Added Parameter PackageReference=SOT23-5 to Part U?
Added Parameter PackageReference=SOT23-6 to Part U?
Added Parameter PackageReference=SOT23-6 to Part U?
Added Parameter PackageReference=SOT223-3 to Part U?
Added Parameter PackageReference= to Part U?
Added Parameter PackageReference= to Part U?
Added Parameter PackageReference= to Part U?
Added Parameter PackageReference= to Part U?
Added Parameter PackageReference= to Part U?
Added Parameter PackageReference= to Part U?
Added Parameter PackageReference= to Part U?
Added Parameter PackageReference= to Part U?
Added Parameter PackageReference= to Part U?
Added Parameter PackageReference= to Part U?
Added Parameter PackageReference= to Part U?
Added Parameter PackageReference= to Part SMPS?
Added Parameter PackageReference= to Part U?
Added Parameter PackageReference= to Part U?
Added Parameter PartNumber=BQ24075 to Part U?
Added Parameter PartNumber=DRV8833 to Part U?
Added Parameter PartNumber=IR2301 to Part U?
Added Parameter PartNumber=LDO1117 to Part U?
Added Parameter PartNumber=LM1084 to Part U?
Added Parameter PartNumber=LTC3200 to Part U?
Added Parameter PartNumber=LTC3426 to Part U?
Added Parameter PartNumber=LTC4054 to Part U?
Added Parameter PartNumber=MAX7219/21 to Part U?
Added Parameter PartNumber=MP3302 to Part U?
Added Parameter PartNumber=RT9193 to Part U?
Added Parameter PartNumber=SP6205 to Part U?
Added Parameter PartNumber=TLC5947 to Part U?
Added Parameter PartNumber=TLC5951 to Part U?
Added Parameter PartNumber=TLV1117 to Part U?
Added Parameter PartNumber=TPS28225 to Part U?
Added Parameter PartNumber=TPS61322xx to Part U?
Added Parameter PartNumber=TXB0108 to Part U?
Added Parameter PartNumber=ULN2003 to Part U?
Added Parameter PartNumber=URB_LD-20WR3 to Part SMPS?
Added Parameter PartNumber=XC6220_USP to Part U?
Added Parameter PartNumber=XC6220 to Part U?
Added Parameter PartNumber=XCL222 to Part U?
