Removed Parameter FootprintType:0402 from Part D?
Removed Parameter FootprintType:0603 from Part D?
Removed Parameter FootprintType:0805 from Part D?
Removed Parameter Manufacturer/制造商:M from Part D?
Removed Parameter Manufacturer/制造商:M from Part D?
Removed Parameter Manufacturer/制造商:M from Part D?
Removed Parameter Manufacturer:* from Part Q?
Removed Parameter Manufacturer:* from Part Q?
Removed Parameter Manufacturer:* from Part Q?
Removed Parameter Manufacturer:* from Part Q?
Removed Parameter Manufacturer:* from Part D?
Removed Parameter Manufacturer:* from Part D?
Removed Parameter Manufacturer:* from Part D?
Removed Parameter Manufacturer:* from Part D?
Removed Parameter Manufacturer:* from Part D?
Removed Parameter Manufacturer:* from Part D?
Removed Parameter Manufacturer:* from Part D?
Removed Parameter Manufacturer:* from Part D?
Removed Parameter Manufacturer:* from Part D?
Removed Parameter Manufacturer:* from Part D?
Removed Parameter Manufacturer:* from Part D?
Removed Parameter Manufacturer:* from Part D?
Removed Parameter Manufacturer:* from Part Q?
Removed Parameter Manufacturer:* from Part Q?
Removed Parameter Manufacturer:* from Part D?
Removed Parameter Manufacturer:* from Part D?
Removed Parameter ManufacturerID/制造商料号:MID from Part D?
Removed Parameter ManufacturerID/制造商料号:MID from Part D?
Removed Parameter ManufacturerID/制造商料号:MID from Part D?
Removed Parameter MfrName:Mfr? from Part Q?
Removed Parameter Note/注:?mA from Part D?
Removed Parameter Note/注:?mA from Part D?
Removed Parameter Note/注:?mA from Part D?
Removed Parameter Note:?Vr from Part D?
Removed Parameter Note:* from Part D?
Removed Parameter Note:* from Part D?
Removed Parameter Note:* from Part D?
Removed Parameter Note:* from Part D?
Removed Parameter Note:* from Part D?
Removed Parameter Note:* from Part D?
Removed Parameter Note:* from Part D?
Removed Parameter Note:* from Part D?
Removed Parameter Note:* from Part D?
Removed Parameter Note:* from Part D?
Removed Parameter Note:* from Part D?
Removed Parameter Note:* from Part D?
Removed Parameter Note:* from Part D?
Removed Parameter Note:* from Part D?
Removed Parameter Note:NMOS from Part Q?
Removed Parameter Note:NPN from Part Q?
Removed Parameter Note:PMOS from Part Q?
Removed Parameter Note:PNP from Part Q?
Removed Parameter Note:PNP from Part Q?
Removed Parameter Note:PNP from Part Q?
Removed Parameter PackageRefernece:PkgRef? from Part D?
Removed Parameter RefDes:RefDes from Part U?
Removed Parameter Specification:* from Part Q?
Removed Parameter Specification:* from Part Q?
Removed Parameter Specification:* from Part Q?
Removed Parameter Specification:* from Part Q?
Removed Parameter Specification:* from Part D?
Removed Parameter Specification:* from Part D?
Removed Parameter Specification:* from Part D?
Removed Parameter Specification:* from Part D?
Removed Parameter Specification:* from Part D?
Removed Parameter Specification:* from Part D?
Removed Parameter Specification:* from Part D?
Removed Parameter Specification:* from Part D?
Removed Parameter Specification:* from Part D?
Removed Parameter Specification:* from Part D?
Removed Parameter Specification:* from Part D?
Removed Parameter Specification:* from Part D?
Removed Parameter Specification:* from Part Q?
Removed Parameter Specification:* from Part Q?
Removed Parameter Specification:* from Part D?
Removed Parameter Specification:* from Part D?
Removed Parameter Supplier/供应商:S from Part D?
Removed Parameter Supplier/供应商:S from Part D?
Removed Parameter Supplier/供应商:S from Part D?
Removed Parameter SupplierID/供应商料号:SID from Part D?
Removed Parameter SupplierID/供应商料号:SID from Part D?
Removed Parameter SupplierID/供应商料号:SID from Part D?
Removed Parameter Type:1616 from Part D?
Removed Parameter Type:3528 from Part D?
Removed Parameter Type:3535 from Part D?
Removed Parameter Type:5050 from Part D?
Removed Parameter Type:5050 from Part D?
Removed Parameter Type:5730 from Part D?
Removed Parameter Type:DIP3 from Part Q?
Removed Parameter Type:SMA from Part D?
Removed Parameter Type:SMB from Part D?
Removed Parameter Type:SMC from Part D?
Removed Parameter Type:SOD123 from Part D?
Removed Parameter Type:SOD123 from Library 
Removed Parameter Type:SOD323 from Part D?
Removed Parameter Type:SOD523 from Part D?
Removed Parameter Type:SOT23-3 from Part D?
Removed Parameter Type:SOT32-3 from Part Q?
Removed Parameter Type:SOT32-3 from Part Q?
Removed Parameter Type:SOT32-3 from Part Q?
Removed Parameter Type:TO252 from Part Q?
Removed Parameter Type:TO252 from Part Q?
Removed Parameter Type:Type from Part U?
Removed Parameter TypePackageReference:SOT23-3 from Part Q?
Removed Parameter Value/值:CLR? from Part D?
Removed Parameter Value/值:CLR? from Part D?
Removed Parameter Value/值:CLR? from Part D?
Removed Parameter Value:?A from Part D?
Removed Parameter Value:color? from Part D?
Removed Parameter Value:NAME from Part Q?
Removed Parameter Value:NAME from Part Q?
Removed Parameter Value:NAME from Part Q?
Removed Parameter Value:NAME from Part Q?
Removed Parameter Value:NAME from Part D?
Removed Parameter Value:NAME from Part D?
Removed Parameter Value:NAME from Part D?
Removed Parameter Value:NAME from Part D?
Removed Parameter Value:NAME from Part D?
Removed Parameter Value:NAME from Part D?
Removed Parameter Value:NAME from Part Q?
Removed Parameter Value:NAME from Part Q?
Removed Parameter Value:NAME from Library 
Removed Parameter Value:NAME from Part D?
Removed Parameter Value:One Wire from Part D?
Removed Parameter Value:One Wire from Part D?
Removed Parameter Value:RGB from Part D?
Removed Parameter Value:RGB from Part D?
Removed Parameter Value:RGB from Part D?
Removed Parameter Value:Val from Part GDT?
Removed Parameter Value:Value from Part D?
Removed Parameter Value:Value from Part D?
Change Value of Parameter PackageReference in Part GDT? Old=PkgRef New=PkgRef?
Change Value of Parameter PartNumber in Part GDT? Old=PN New=PN?
Change Value of Parameter Mfr_Name in Part D? Old= New=Mfr?
Change Value of Parameter PartNumber in Part D? Old=PN New=PN?
Change Value of Parameter PartNumber in Part D? Old=PN New=PN?
Added Parameter Mfr_Name=Mfr? to Part Q?
Added Parameter Mfr_Name=Mfr? to Part Q?
Added Parameter Mfr_Name=Mfr? to Part Q?
Added Parameter Mfr_Name=Mfr? to Part Q?
Added Parameter Mfr_Name=Mfr? to Part D?
Added Parameter Mfr_Name=Mfr? to Part D?
Added Parameter Mfr_Name=Mfr? to Part D?
Added Parameter Mfr_Name=Mfr? to Part D?
Added Parameter Mfr_Name=Mfr? to Part D?
Added Parameter Mfr_Name=Mfr? to Part D?
Added Parameter Mfr_Name=Mfr? to Part GDT?
Added Parameter Mfr_Name=Mfr? to Part D?
Added Parameter Mfr_Name=Mfr? to Part D?
Added Parameter Mfr_Name=Mfr? to Part D?
Added Parameter Mfr_Name=Mfr? to Part D?
Added Parameter Mfr_Name=Mfr? to Part D?
Added Parameter Mfr_Name=Mfr? to Part D?
Added Parameter Mfr_Name=Mfr? to Part D?
Added Parameter Mfr_Name=Mfr? to Part D?
Added Parameter Mfr_Name=Mfr? to Part D?
Added Parameter Mfr_Name=Mfr? to Part Q?
Added Parameter Mfr_Name=Mfr? to Part Q?
Added Parameter Mfr_Name=Mfr? to Part Q?
Added Parameter Mfr_Name=Mfr? to Part D?
Added Parameter Mfr_Name=Mfr? to Part D?
Added Parameter Mfr_Name=Mfr? to Part D?
Added Parameter Mfr_Name=Mfr? to Part D?
Added Parameter PackageReference=0402 to Part D?
Added Parameter PackageReference=0603 to Part D?
Added Parameter PackageReference=0805 to Part D?
Added Parameter PackageReference=1616 to Part D?
Added Parameter PackageReference=3528 to Part D?
Added Parameter PackageReference=3535 to Part D?
Added Parameter PackageReference=5050 to Part D?
Added Parameter PackageReference=5050 to Part D?
Added Parameter PackageReference=5730 to Part D?
Added Parameter PackageReference=DIP3 to Part Q?
Added Parameter PackageReference=PkgRef? to Part D?
Added Parameter PackageReference=SMA to Part D?
Added Parameter PackageReference=SMB to Part D?
Added Parameter PackageReference=SMC to Part D?
Added Parameter PackageReference=SOD123 to Part D?
Added Parameter PackageReference=SOD123 to Part D?
Added Parameter PackageReference=SOD323 to Part D?
Added Parameter PackageReference=SOD523 to Part D?
Added Parameter PackageReference=SOT23-3 to Part Q?
Added Parameter PackageReference=SOT23-3 to Part D?
Added Parameter PackageReference=SOT32-3 to Part Q?
Added Parameter PackageReference=SOT32-3 to Part Q?
Added Parameter PackageReference=SOT32-3 to Part Q?
Added Parameter PackageReference=TO252 to Part Q?
Added Parameter PackageReference=TO252 to Part Q?
Added Parameter PartNumber=PN? to Part Q?
Added Parameter PartNumber=PN? to Part Q?
Added Parameter PartNumber=PN? to Part Q?
Added Parameter PartNumber=PN? to Part Q?
Added Parameter PartNumber=PN? to Part D?
Added Parameter PartNumber=PN? to Part D?
Added Parameter PartNumber=PN? to Part D?
Added Parameter PartNumber=PN? to Part D?
Added Parameter PartNumber=PN? to Part D?
Added Parameter PartNumber=PN? to Part D?
Added Parameter PartNumber=PN? to Part D?
Added Parameter PartNumber=PN? to Part D?
Added Parameter PartNumber=PN? to Part D?
Added Parameter PartNumber=PN? to Part D?
Added Parameter PartNumber=PN? to Part D?
Added Parameter PartNumber=PN? to Part D?
Added Parameter PartNumber=PN? to Part D?
Added Parameter PartNumber=PN? to Part D?
Added Parameter PartNumber=PN? to Part D?
Added Parameter PartNumber=PN? to Part Q?
Added Parameter PartNumber=PN? to Part Q?
Added Parameter PartNumber=PN? to Part D?
Added Parameter PartNumber=PN? to Part D?
