Removed Parameter Datasheet:https://www.st.com/resource/en/datasheet/stm32f030f4.pdf from Part U?
Removed Parameter Datasheet:https://www.st.com/resource/en/datasheet/stm32f030f4.pdf from Part U?
Removed Parameter Mfr_Name:STMicroelectronics from Part U?
Removed Parameter Mfr_Name:STMicroelectronics from Part U?
Removed Parameter Note:CortexM0 from Part U?
Removed Parameter Note:CortexM0 from Part U?
Removed Parameter Note:CortexM0 from Part U?
Removed Parameter Note:CortexM0 from Part U?
Removed Parameter Note:CortexM0 from Part U?
Removed Parameter Note:CortexM3 from Part U?
Removed Parameter Note:CortexM3 from Part U?
Removed Parameter Note:CortexM4F from Part U?
Removed Parameter Note:CortexM4F from Part U?
Removed Parameter Note:CortexM4F from Part U?
Removed Parameter Note:CortexM4F from Part U?
Removed Parameter Note:CortexM4F from Part U?
Removed Parameter Note:CortexM4F from Part U?
Removed Parameter Note:CortexM4F from Part U?
Removed Parameter Note:CortexM4F from Part U?
Removed Parameter Note:CortexM4 from Part U?
Removed Parameter Note:* from Part U?
Removed Parameter Note:* from Part U?
Removed Parameter Note:* from Part U?
Removed Parameter Note:* from Part U?
Removed Parameter Note:* from Part U?
Removed Parameter PackageReference:LQFP100 from Part U?
Removed Parameter PackageReference:PkgRef? from Part U?
Removed Parameter RefDes:RefDes from Part U?
Removed Parameter Specification:16K Flash,2K SRAM from Part U?
Removed Parameter Specification:16K Flash,4K SRAM from Part U?
Removed Parameter Specification:* from Part U?
Removed Parameter Specification:* from Part U?
Removed Parameter Specification:* from Part U?
Removed Parameter Specification:* from Part U?
Removed Parameter Specification:* from Part U?
Removed Parameter Specification:* from Part U?
Removed Parameter Specification:* from Part U?
Removed Parameter Specification:* from Part U?
Removed Parameter Specification:* from Part U?
Removed Parameter Specification:* from Part U?
Removed Parameter Specification:* from Part U?
Removed Parameter Specification:* from Part U?
Removed Parameter Specification:* from Part U?
Removed Parameter Specification:* from Part U?
Removed Parameter Specification:* from Part U?
Removed Parameter Specification:* from Part U?
Removed Parameter Specification:* from Part U?
Removed Parameter Specification:* from Part U?
Removed Parameter Specification:* from Part U?
Removed Parameter Value:32MHz from Part U?
Removed Parameter Value:32MHz from Part U?
Removed Parameter Value:48MHz from Part U?
Removed Parameter Value:64MHz from Part U?
Removed Parameter Value:64MHz from Part U?
Removed Parameter Value:64MHz from Part U?
Removed Parameter Value:100MHz from Part U?
Removed Parameter Value:* from Part U?
Removed Parameter Value:* from Part U?
Removed Parameter Value:* from Part U?
Removed Parameter Value:* from Part U?
Removed Parameter Value:* from Part U?
Removed Parameter Value:* from Part U?
Removed Parameter Value:* from Part U?
Removed Parameter Value:* from Part U?
Removed Parameter Value:* from Part U?
Removed Parameter Value:* from Part U?
Removed Parameter Value:* from Part U?
Removed Parameter Value:* from Part U?
Removed Parameter Value:* from Part U?
Removed Parameter Value:* from Part U?
Change Value of Parameter Type in Part U? Old=Type New=LQFP100
Change Value of Parameter Mfr_Name in Part U? Old=Manufacturer New=Mfr_Name
Change Value of Parameter PackageReference in Part U? Old=Type New=PackageReference
Change Value of Parameter Mfr_Name in Part U? Old=Manufacturer New=Mfr_Name
Change Value of Parameter PackageReference in Part U? Old=Type New=PackageReference
Change Value of Parameter Mfr_Name in Part U? Old=Manufacturer New=Mfr_Name
Change Value of Parameter PackageReference in Part U? Old=Type New=PackageReference
Change Value of Parameter Mfr_Name in Part U? Old=Manufacturer New=Mfr_Name
Change Value of Parameter PackageReference in Part U? Old=Type New=PackageReference
Change Value of Parameter Manufacturer in Part U? Old=Manufacturer New=Mfr_Name
Change Value of Parameter PackageReference in Part U? Old=Type New=PackageReference
Change Value of Parameter Manufacturer in Part U? Old=Manufacturer New=Mfr_Name
Change Value of Parameter PackageReference in Part U? Old=Type New=PackageReference
Change Value of Parameter Manufacturer in Part U? Old=Manufacturer New=Mfr_Name
Change Value of Parameter PackageReference in Part U? Old=Type New=PackageReference
Change Value of Parameter Manufacturer in Part U? Old=Manufacturer New=Mfr_Name
Change Value of Parameter PackageReference in Part U? Old=Type New=PackageReference
Change Value of Parameter Manufacturer in Part U? Old=Manufacturer New=Mfr_Name
Change Value of Parameter PackageReference in Part U? Old=Type New=PackageReference
Change Value of Parameter Manufacturer in Part U? Old=Manufacturer New=Mfr_Name
Change Value of Parameter PackageReference in Part U? Old=Type New=PackageReference
Change Value of Parameter Manufacturer in Part U? Old=Manufacturer New=Mfr_Name
Change Value of Parameter PackageReference in Part U? Old=Type New=PackageReference
Change Value of Parameter Manufacturer in Part U? Old=Manufacturer New=Mfr_Name
Change Value of Parameter PackageReference in Part U? Old=Type New=PackageReference
Change Value of Parameter Manufacturer in Part U? Old=Manufacturer New=Mfr_Name
Change Value of Parameter PackageReference in Part U? Old=Type New=PackageReference
Change Value of Parameter Manufacturer in Part U? Old=Manufacturer New=Mfr_Name
Change Value of Parameter PackageReference in Part U? Old=Type New=PackageReference
Change Value of Parameter Manufacturer in Part U? Old=Manufacturer New=Mfr_Name
Change Value of Parameter PackageReference in Part U? Old=Type New=PackageReference
Change Value of Parameter Manufacturer in Part U? Old=Manufacturer New=Mfr_Name
Change Value of Parameter PackageReference in Part U? Old=Type New=PackageReference
Change Value of Parameter Manufacturer in Part U? Old=Manufacturer New=Mfr_Name
Change Value of Parameter PackageReference in Part U? Old=Type New=PackageReference
Change Value of Parameter PackageReference in Part U? Old=Type New=PackageReference
Change Value of Parameter Manufacturer in Part U? Old=Manufacturer New=Mfr_Name
Change Value of Parameter PackageReference in Part U? Old=Type New=PackageReference
Change Value of Parameter Manufacturer in Part U? Old=Manufacturer New=Mfr_Name
Change Value of Parameter PackageReference in Part U? Old=Type New=PackageReference
Change Value of Parameter Manufacturer in Part U? Old=Manufacturer New=Mfr_Name
Change Value of Parameter PackageReference in Part U? Old=Type New=PackageReference
Change Value of Parameter Manufacturer in Part U? Old=Manufacturer New=Mfr_Name
Change Value of Parameter PackageReference in Part U? Old=Type New=PackageReference
Added Parameter Mfr_Name=STMicroelectronics to Part U?
Added Parameter Mfr_Name=StMicroelectronics to Part U?
Added Parameter PackageReference=LQFP100 to Part U?
Added Parameter PartNumber=ATmega32U4A to Part U?
Added Parameter PartNumber=ATmega328A to Part U?
Added Parameter PartNumber=K20xFMA to Part U?
Added Parameter PartNumber=LPC11U_H33A to Part U?
Added Parameter PartNumber=nRF51_QFN48A to Part U?
Added Parameter PartNumber=nRF52_AQFN73A to Part U?
Added Parameter PartNumber=nRF52_QFN32A to Part U?
Added Parameter PartNumber=nRF52_QFN48A to Part U?
Added Parameter PartNumber=nRF52_WLCSP50A to Part U?
Added Parameter PartNumber=STM32F03xFA to Part U?
Added Parameter PartNumber=STM32F4x1CA to Part U?
Added Parameter PartNumber=STM32F04xGA to Part U?
Added Parameter PartNumber=STM32F103CA to Part U?
Added Parameter PartNumber=STM32F103TA to Part U?
Added Parameter PartNumber=STM32F302KA to Part U?
Added Parameter PartNumber=STM32F303CA to Part U?
Added Parameter PartNumber=STM32F303RA to Part U?
Added Parameter PartNumber=STM32F405RA to Part U?
Added Parameter PartNumber=STM32F412R/446RA to Part U?
Added Parameter PartNumber=STM32F439ZA to Part U?
Added Parameter PartNumber=STM32L011FA to Part U?
