Removed Parameter Note/ע:?mA from Part D?
Removed Parameter Note/ע:?mA from Part D?
Removed Parameter Note/ע:?mA from Part D?
Removed Parameter Note:?Vr from Part D?
Removed Parameter Note:* from Part D?
Removed Parameter Note:* from Part D?
Removed Parameter Note:* from Part D?
Removed Parameter Note:* from Part D?
Removed Parameter Note:* from Part D?
Removed Parameter Note:* from Part D?
Removed Parameter Note:* from Part D?
Removed Parameter Note:* from Part D?
Removed Parameter Note:* from Part D?
Removed Parameter Note:* from Part D?
Removed Parameter Note:* from Part D?
Removed Parameter Note:* from Part D?
Removed Parameter Note:* from Part D?
Removed Parameter Note:* from Part D?
Removed Parameter Note:NMOS from Part Q?
Removed Parameter Note:NPN from Part Q?
Removed Parameter Note:PMOS from Part Q?
Removed Parameter Note:PNP from Part Q?
Removed Parameter Note:PNP from Part Q?
Removed Parameter Note:PNP from Part Q?
Removed Parameter Value/ֵ:CLR? from Part D?
Removed Parameter Value/ֵ:CLR? from Part D?
Removed Parameter Value/ֵ:CLR? from Part D?
Removed Parameter Value:?A from Part D?
Removed Parameter Value:color? from Part D?
Removed Parameter Value:NAME from Part Q?
Removed Parameter Value:NAME from Part Q?
Removed Parameter Value:NAME from Part Q?
Removed Parameter Value:NAME from Part Q?
Removed Parameter Value:NAME from Part D?
Removed Parameter Value:NAME from Part D?
Removed Parameter Value:NAME from Part D?
Removed Parameter Value:NAME from Part D?
Removed Parameter Value:NAME from Part D?
Removed Parameter Value:NAME from Part D?
Removed Parameter Value:NAME from Part Q?
Removed Parameter Value:NAME from Part Q?
Removed Parameter Value:NAME from Part D?
Removed Parameter Value:NAME from Part D?
Removed Parameter Value:One Wire from Library 
Removed Parameter Value:One Wire from Part D?
Removed Parameter Value:RGB from Part D?
Removed Parameter Value:RGB from Part D?
Removed Parameter Value:RGB from Part D?
Removed Parameter Value:Val from Part GDT?
Removed Parameter Value:Value from Part D?
Removed Parameter Value:Value from Part D?
Removed Parameter Value:Value from Part D?
Change Value of Parameter Package in Part Q? Old=SOT32-3 New=SOT23-3
Change Value of Parameter Package in Part Q? Old= New=Pkg?
Change Value of Parameter Package in Part Q? Old=SOT32-3 New=SOT23-3
Change Value of Parameter Package in Part Q? Old=SOT32-3 New=SOT23-3
Change Value of Parameter PartNumber in Part D? Old=LED New=CLR?
Change Value of Parameter PartNumber in Part D? Old=LED New=CLR?
Change Value of Parameter PartNumber in Part D? Old=LED New=CLR?
Change Value of Parameter PartNumber in Part D? Old=LED New=RGB
Change Value of Parameter PartNumber in Part D? Old=LED New=RGB
Change Value of Parameter PartNumber in Part D? Old=LED New=RGB
Change Value of Parameter PartNumber in Part D? Old=LED New=CLR?
Change Value of Parameter PartNumber in Part D? Old=LED New=CLR?
Change Value of Parameter Package in Part Q? Old= New=SOT23-3
Change Value of Parameter Package in Part D? Old= New=Pkg?
Change Value of Parameter Mfr_Name in Part D? Old= New=Mfr?
Change Value of Parameter Package in Part U? Old= New=SO-5-4.6mm
Change Value of Parameter Package in Part U? Old=PkgRef? New=SOP-8
Added Parameter Mfr_Name=Mfr? to Part Q?
Added Parameter Mfr_Name=Mfr? to Part Q?
Added Parameter Mfr_Name=Mfr? to Part Q?
Added Parameter Mfr_Name=Mfr? to Part Q?
Added Parameter Mfr_Name=Mfr? to Part D?
Added Parameter Mfr_Name=Mfr? to Part D?
Added Parameter Mfr_Name=Mfr? to Part D?
Added Parameter Mfr_Name=Mfr? to Part D?
Added Parameter Mfr_Name=Mfr? to Part D?
Added Parameter Mfr_Name=Mfr? to Part D?
Added Parameter Mfr_Name=Mfr? to Part GDT?
Added Parameter Mfr_Name=Mfr? to Part D?
Added Parameter Mfr_Name=Mfr? to Part D?
Added Parameter Mfr_Name=Mfr? to Part D?
Added Parameter Mfr_Name=Mfr? to Part D?
Added Parameter Mfr_Name=Mfr? to Part D?
Added Parameter Mfr_Name=Mfr? to Part D?
Added Parameter Mfr_Name=Mfr? to Part D?
Added Parameter Mfr_Name=Mfr? to Part D?
Added Parameter Mfr_Name=Mfr? to Part D?
Added Parameter Mfr_Name=Mfr? to Part Q?
Added Parameter Mfr_Name=Mfr? to Part Q?
Added Parameter Mfr_Name=Mfr? to Part Q?
Added Parameter Mfr_Name=Mfr? to Part D?
Added Parameter Mfr_Name=Mfr? to Part D?
Added Parameter Mfr_Name=Mfr? to Part D?
Added Parameter Mfr_Name=Mfr? to Part D?
Added Parameter Mfr_Name=Mfr? to Part D?
