Removed Parameter Datasheet:https://www.ti.com/lit/ds/symlink/txs0102.pdf?&ts=1589954619766 from Part U?
Removed Parameter Manufacturer:Texas Instruments from Part U?
Removed Parameter MfrName:Mfr? from Part U?
Removed Parameter Note:* from Part U?
Removed Parameter Type:* from Part U?
Removed Parameter Type:* from Part U?
Removed Parameter Type:* from Part U?
Removed Parameter Type:* from Part U?
Removed Parameter Type:* from Part U?
Removed Parameter Type:* from Part U?
Removed Parameter Type:* from Part U?
Removed Parameter Type:* from Part U?
Removed Parameter Type:* from Part U?
Removed Parameter Type:* from Part U?
Removed Parameter Type:* from Part U?
Removed Parameter Type:QFN48 P0.4 from Part U?
Removed Parameter Type:SON8 from Part U?
Removed Parameter Type:SOT363-6 from Part U?
Removed Parameter Type:TSSOP16 P0.65 from Part U?
Removed Parameter Type:Type from Part U?
Removed Parameter TYPE:TYPE from Part U?
Removed Parameter Type:Type from Part U?
Removed Parameter Type:Type from Part OC?
Removed Parameter Value:2-Bit from Part U?
Removed Parameter Value: from Part U?
Change Value of Parameter PartNumber in Part U? Old=PN? New=OPA_x1
Change Value of Parameter PartNumber in Part U? Old=PN? New=OPA_x2A
Change Value of Parameter PartNumber in Part U? Old=PN? New=OPA_x4A
Change Value of Parameter Package in Part U? Old=PackageReference New=Package
Change Value of Parameter Package in Part U? Old=PackageReference New=Package
Change Value of Parameter Package in Part U? Old=PackageReference New=Package
Change Value of Parameter Package in Part U? Old=PackageReference New=Package
Change Value of Parameter Package in Part U? Old=PackageReference New=Package
Change Value of Parameter Package in Part U? Old=PackageReference New=Package
Change Value of Parameter Package in Part U? Old=PackageReference New=Package
Change Value of Parameter Package in Part U? Old=PackageReference New=Package
Change Value of Parameter Package in Part OC? Old=PackageReference New=Package
Change Value of Parameter Package in Part U? Old=PackageReference New=Package
Change Value of Parameter Package in Part U? Old=PackageReference New=Package
Change Value of Parameter Package in Part U? Old=PackageReference New=Package
Change Value of Parameter Package in Part U? Old=PackageReference New=Package
Change Value of Parameter Package in Part U? Old=PackageReference New=Package
Change Value of Parameter Package in Part U? Old=PackageReference New=Package
Change Value of Parameter Package in Part U? Old=PackageReference New=Package
Change Value of Parameter Package in Part U? Old=PackageReference New=Package
Change Value of Parameter Package in Part U? Old=PackageReference New=Package
Change Value of Parameter Package in Part U? Old=PackageReference New=Package
Change Value of Parameter Package in Part U? Old=PackageReference New=Package
Change Value of Parameter Package in Part U? Old=PackageReference New=Package
Added Parameter Mfr_Name= to Part U?
Added Parameter Mfr_Name= to Part U?
Added Parameter Mfr_Name= to Part U?
Added Parameter Mfr_Name= to Part U?
Added Parameter Mfr_Name= to Part U?
Added Parameter Mfr_Name= to Part U?
Added Parameter Mfr_Name= to Part U?
Added Parameter Mfr_Name= to Part U?
Added Parameter Mfr_Name= to Part U?
Added Parameter Mfr_Name= to Part U?
Added Parameter Mfr_Name= to Part U?
Added Parameter Mfr_Name= to Part U?
Added Parameter Mfr_Name= to Part U?
Added Parameter Mfr_Name= to Part U?
Added Parameter Mfr_Name= to Part U?
Added Parameter Mfr_Name= to Part U?
Added Parameter Mfr_Name= to Part U?
Added Parameter Mfr_Name= to Part U?
Added Parameter Mfr_Name= to Part U?
Added Parameter Mfr_Name= to Part U?
Added Parameter Mfr_Name= to Part U?
Added Parameter Package= to Part U?
Added Parameter Package= to Part U?
Added Parameter Package= to Part U?
Added Parameter Package= to Part U?
Added Parameter Package= to Part U?
Added Parameter Package= to Part U?
Added Parameter Package= to Part U?
Added Parameter Package= to Part U?
Added Parameter Package= to Part U?
Added Parameter Package= to Part U?
Added Parameter Package= to Part U?
Added Parameter Package= to Part U?
Added Parameter Package= to Part U?
Added Parameter Package= to Part U?
Added Parameter Package= to Part U?
Added Parameter Package= to Part U?
