Removed Parameter Manufacturer:* from Part X?
Removed Parameter Manufacturer:* from Part X?
Removed Parameter Manufacturer:* from Part X?
Removed Parameter Manufacturer:* from Part X?
Removed Parameter Manufacturer:* from Part X?
Removed Parameter Manufacturer:* from Part X?
Removed Parameter Manufacturer:* from Part X?
Removed Parameter Specification:¡À10ppm from Library 
Removed Parameter Specification:¡À10ppm from Part X?
Removed Parameter Specification:¡À10ppm from Part X?
Removed Parameter Specification:¡À10ppm from Part X?
Removed Parameter Specification:¡À10ppm from Part X?
Removed Parameter Specification:¡À10ppm from Part X?
Removed Parameter Specification:¡À10ppm from Part X?
Removed Parameter Type:OSC2520_4P from Part X?
Removed Parameter Type:OSC3225_4P from Part X?
Removed Parameter Type:XTAL2012_2P from Part X?
Removed Parameter Type:XTAL2016_4P from Part X?
Removed Parameter Type:XTAL2520_4P from Part X?
Removed Parameter Type:XTAL3225_2P from Part X?
Removed Parameter Type:XTAL5032_2P from Part X?
Change Value of Parameter Note in Part X? Old= New=¡À?ppm
Change Value of Parameter Note in Part X? Old= New=¡À?ppm
Change Value of Parameter Note in Part X? Old= New=¡À?ppm
Change Value of Parameter Note in Part X? Old= New=¡À?ppm
Change Value of Parameter Note in Part X? Old= New=¡À?ppm
Change Value of Parameter Note in Part X? Old= New=¡À?ppm
Change Value of Parameter Note in Part X? Old= New=¡À?ppm
Added Parameter Mfr_Name=Mfr? to Part X?
Added Parameter Mfr_Name=Mfr? to Part X?
Added Parameter Mfr_Name=Mfr? to Part X?
Added Parameter Mfr_Name=Mfr? to Part X?
Added Parameter Mfr_Name=Mfr? to Part X?
Added Parameter Mfr_Name=Mfr? to Part X?
Added Parameter Mfr_Name=Mfr? to Part X?
Added Parameter PackageReference=OSC2520_4P to Part X?
Added Parameter PackageReference=OSC3225_4P to Part X?
Added Parameter PackageReference=XTAL2012_2P to Part X?
Added Parameter PackageReference=XTAL2016_4P to Part X?
Added Parameter PackageReference=XTAL2520_4P to Part X?
Added Parameter PackageReference=XTAL3225_2P to Part X?
Added Parameter PackageReference=XTAL5032_2P to Part X?
Added Parameter PartNumber=PN? to Part X?
Added Parameter PartNumber=PN? to Part X?
Added Parameter PartNumber=PN? to Part X?
Added Parameter PartNumber=PN? to Part X?
Added Parameter PartNumber=PN? to Part X?
Added Parameter PartNumber=PN? to Part X?
Added Parameter PartNumber=PN? to Part X?
