Change Value of Parameter PartNumber in Part C? Old=PN? New=AEC
Change Value of Parameter PartNumber in Part C? Old=PN? New=TAC0805
Change Value of Parameter PartNumber in Part C? Old=PN? New=TAC1206
Change Value of Parameter PartNumber in Part C? Old=PN? New=TAC1210
Change Value of Parameter PartNumber in Part C? Old=C2917 New=TAC2917
Change Value of Parameter PartNumber in Part FU? Old=PN? New=FU0805
Change Value of Parameter PartNumber in Part FU? Old=PN? New=FU1206
Change Value of Parameter PartNumber in Part FU? Old=PN? New=FU1812
Change Value of Parameter PartNumber in Part FU? Old=PN? New=FU
Change Value of Parameter PackageReference in Part L? Old=PkgRef? New=pkg?
Change Value of Parameter PartNumber in Part L? Old=PN? New=L
Change Value of Parameter PartNumber in Part TP? Old=PN? New=TP-xxxx
Change Value of Parameter MFR in Part C? Old=Mfr_Name New=MFR
Change Value of Parameter Package in Part C? Old=PackageReference New=Package
Change Value of Parameter MFR in Part C? Old=Mfr_Name New=MFR
Change Value of Parameter Package in Part C? Old=PackageReference New=Package
Change Value of Parameter MFR in Part C? Old=Mfr_Name New=MFR
Change Value of Parameter Package in Part C? Old=PackageReference New=Package
Change Value of Parameter MFR in Part C? Old=Mfr_Name New=MFR
Change Value of Parameter Package in Part C? Old=PackageReference New=Package
Change Value of Parameter MFR in Part C? Old=Mfr_Name New=MFR
Change Value of Parameter Package in Part C? Old=PackageReference New=Package
Change Value of Parameter MFR in Part C? Old=Mfr_Name New=MFR
Change Value of Parameter Package in Part C? Old=PackageReference New=Package
Change Value of Parameter MFR in Part C? Old=Mfr_Name New=MFR
Change Value of Parameter Package in Part C? Old=PackageReference New=Package
Change Value of Parameter MFR in Part C? Old=Mfr_Name New=MFR
Change Value of Parameter Package in Part C? Old=PackageReference New=Package
Change Value of Parameter MFR in Part C? Old=Mfr_Name New=MFR
Change Value of Parameter Package in Part C? Old=PackageReference New=Package
Change Value of Parameter MFR in Part C? Old=Mfr_Name New=MFR
Change Value of Parameter Package in Part C? Old=PackageReference New=Package
Change Value of Parameter MFR in Part C? Old=Mfr_Name New=MFR
Change Value of Parameter Package in Part C? Old=PackageReference New=Package
Change Value of Parameter MFR in Part FU? Old=Mfr_Name New=MFR
Change Value of Parameter Package in Part FU? Old=PackageReference New=Package
Change Value of Parameter MFR in Part FU? Old=Mfr_Name New=MFR
Change Value of Parameter Package in Part FU? Old=PackageReference New=Package
Change Value of Parameter MFR in Part FU? Old=Mfr_Name New=MFR
Change Value of Parameter Package in Part FU? Old=PackageReference New=Package
Change Value of Parameter MFR in Part FU? Old=Mfr_Name New=MFR
Change Value of Parameter Package in Part FU? Old=PackageReference New=Package
Change Value of Parameter MFR in Part L? Old=Mfr_Name New=MFR
Change Value of Parameter Package in Part L? Old=PackageReference New=Package
Change Value of Parameter MFR in Part L? Old=Mfr_Name New=MFR
Change Value of Parameter Package in Part L? Old=PackageReference New=Package
Change Value of Parameter MFR in Part L? Old=Mfr_Name New=MFR
Change Value of Parameter Package in Part L? Old=PackageReference New=Package
Change Value of Parameter MFR in Part L? Old=Mfr_Name New=MFR
Change Value of Parameter Package in Part L? Old=PackageReference New=Package
Change Value of Parameter MFR in Part L? Old=Mfr_Name New=MFR
Change Value of Parameter Package in Part L? Old=PackageReference New=Package
Change Value of Parameter MFR in Part L? Old=Mfr_Name New=MFR
Change Value of Parameter Package in Part L? Old=PackageReference New=Package
Change Value of Parameter MFR in Part R? Old=Mfr_Name New=MFR
Change Value of Parameter Package in Part R? Old=PackageReference New=Package
Change Value of Parameter MFR in Part R? Old=Mfr_Name New=MFR
Change Value of Parameter Package in Part R? Old=PackageReference New=Package
Change Value of Parameter MFR in Part R? Old=Mfr_Name New=MFR
Change Value of Parameter Package in Part R? Old=PackageReference New=Package
Change Value of Parameter MFR in Part R? Old=Mfr_Name New=MFR
Change Value of Parameter Package in Part R? Old=PackageReference New=Package
Change Value of Parameter MFR in Part R? Old=Mfr_Name New=MFR
Change Value of Parameter Package in Part R? Old=PackageReference New=Package
Change Value of Parameter MFR in Part R? Old=Mfr_Name New=MFR
Change Value of Parameter Package in Part R? Old=PackageReference New=Package
Change Value of Parameter MFR in Part TP? Old=Mfr_Name New=MFR
Change Value of Parameter Package in Part TP? Old=PackageReference New=Package
Change Value of Parameter MFR in Part TP? Old=Mfr_Name New=MFR
Change Value of Parameter Package in Part TP? Old=PackageReference New=Package
Change Value of Parameter MFR in Part TP? Old=Mfr_Name New=MFR
Change Value of Parameter Package in Part TP? Old=PackageReference New=Package
